<?xml version="1.0" encoding="UTF-8"?>
<!-- Generated by org.testng.reporters.JUnitReportReporter -->
<testsuite skipped="0" hostname="Sanghamitra" name="com.mytests.ItenaryDetailsTest" tests="1" failures="0" timestamp="03 Dec 2022 13:32:16 GMT" time="91.334" errors="0">
  <testcase name="verifyFlightOfferDetailsScreen" time="91.334" classname="com.mytests.ItenaryDetailsTest"/>
</testsuite> <!-- com.mytests.ItenaryDetailsTest -->
