<?xml version="1.0" encoding="UTF-8"?>
<!-- Generated by org.testng.reporters.JUnitReportReporter -->
<testsuite skipped="0" hostname="Sanghamitra" name="com.mytests.LoginTest" tests="2" failures="0" timestamp="30 Nov 2022 12:28:20 GMT" time="85.655" errors="0">
  <testcase name="verifyLoginPageTitleTest" time="47.218" classname="com.mytests.LoginTest"/>
  <testcase name="verifyLoginPageHeaderTest" time="38.437" classname="com.mytests.LoginTest"/>
</testsuite> <!-- com.mytests.LoginTest -->
