<?xml version="1.0" encoding="UTF-8"?>
<!-- Generated by org.testng.reporters.JUnitReportReporter -->
<testsuite skipped="0" hostname="Sanghamitra" name="com.mytests.SearchFlightTest" tests="3" failures="0" timestamp="03 Dec 2022 13:32:16 GMT" time="126.031" errors="0">
  <testcase name="enterFlightDetails" time="51.719" classname="com.mytests.SearchFlightTest"/>
  <testcase name="verifyLoginPageTitleTest" time="35.463" classname="com.mytests.SearchFlightTest"/>
  <testcase name="verifyLoginPageHeaderTest" time="38.849" classname="com.mytests.SearchFlightTest"/>
</testsuite> <!-- com.mytests.SearchFlightTest -->
